<?xml version="1.0" encoding="UTF-8"?>
<testng-results ignored="0" total="4" passed="4" failed="0" skipped="0">
  <reporter-output>
  </reporter-output>
  <suite started-at="2022-05-24T13:13:08 IST" name="SuiteAmazon2" finished-at="2022-05-24T13:13:08 IST" duration-ms="79">
    <groups>
    </groups>
    <test started-at="2022-05-24T13:13:08 IST" name="Test1" finished-at="2022-05-24T13:13:08 IST" duration-ms="79">
      <class name="Amazonfram.Keywords$Assertions">
        <test-method is-config="true" signature="demo()[pri:0, instance:Amazonfram.Keywords$Assertions@17046283]" started-at="2022-05-24T13:13:08 IST" name="demo" finished-at="2022-05-24T13:13:08 IST" duration-ms="0" status="PASS">
          <reporter-output>
          </reporter-output>
        </test-method> <!-- demo -->
        <test-method is-config="true" signature="alpha()[pri:0, instance:Amazonfram.Keywords$Assertions@17046283]" started-at="2022-05-24T13:13:08 IST" name="alpha" finished-at="2022-05-24T13:13:08 IST" duration-ms="1" status="PASS">
          <reporter-output>
          </reporter-output>
        </test-method> <!-- alpha -->
        <test-method signature="test()[pri:0, instance:Amazonfram.Keywords$Assertions@17046283]" started-at="2022-05-24T13:13:08 IST" name="test" finished-at="2022-05-24T13:13:08 IST" duration-ms="1" status="PASS">
          <reporter-output>
          </reporter-output>
        </test-method> <!-- test -->
        <test-method is-config="true" signature="logout()[pri:0, instance:Amazonfram.Keywords$Assertions@17046283]" started-at="2022-05-24T13:13:08 IST" name="logout" finished-at="2022-05-24T13:13:08 IST" duration-ms="1" status="PASS">
          <reporter-output>
          </reporter-output>
        </test-method> <!-- logout -->
        <test-method signature="test1()[pri:0, instance:Amazonfram.Keywords$Assertions@17046283]" started-at="2022-05-24T13:13:08 IST" name="test1" finished-at="2022-05-24T13:13:08 IST" duration-ms="1" status="PASS">
          <reporter-output>
          </reporter-output>
        </test-method> <!-- test1 -->
        <test-method is-config="true" signature="alpha()[pri:0, instance:Amazonfram.Keywords$Assertions@17046283]" started-at="2022-05-24T13:13:08 IST" name="alpha" finished-at="2022-05-24T13:13:08 IST" duration-ms="0" status="PASS">
          <reporter-output>
          </reporter-output>
        </test-method> <!-- alpha -->
        <test-method is-config="true" signature="logout()[pri:0, instance:Amazonfram.Keywords$Assertions@17046283]" started-at="2022-05-24T13:13:08 IST" name="logout" finished-at="2022-05-24T13:13:08 IST" duration-ms="0" status="PASS">
          <reporter-output>
          </reporter-output>
        </test-method> <!-- logout -->
        <test-method is-config="true" signature="afterclass()[pri:0, instance:Amazonfram.Keywords$Assertions@17046283]" started-at="2022-05-24T13:13:08 IST" name="afterclass" finished-at="2022-05-24T13:13:08 IST" duration-ms="0" status="PASS">
          <reporter-output>
          </reporter-output>
        </test-method> <!-- afterclass -->
      </class> <!-- Amazonfram.Keywords$Assertions -->
      <class name="Amazonfram.Assertions">
        <test-method is-config="true" signature="demo()[pri:0, instance:Amazonfram.Assertions@3e2e18f2]" started-at="2022-05-24T13:13:08 IST" name="demo" finished-at="2022-05-24T13:13:08 IST" duration-ms="9" status="PASS">
          <reporter-output>
          </reporter-output>
        </test-method> <!-- demo -->
        <test-method is-config="true" signature="alpha()[pri:0, instance:Amazonfram.Assertions@3e2e18f2]" started-at="2022-05-24T13:13:08 IST" name="alpha" finished-at="2022-05-24T13:13:08 IST" duration-ms="1" status="PASS">
          <reporter-output>
          </reporter-output>
        </test-method> <!-- alpha -->
        <test-method signature="testA()[pri:0, instance:Amazonfram.Assertions@3e2e18f2]" started-at="2022-05-24T13:13:08 IST" name="testA" finished-at="2022-05-24T13:13:08 IST" duration-ms="5" status="PASS">
          <reporter-output>
          </reporter-output>
        </test-method> <!-- testA -->
        <test-method is-config="true" signature="logout()[pri:0, instance:Amazonfram.Assertions@3e2e18f2]" started-at="2022-05-24T13:13:08 IST" name="logout" finished-at="2022-05-24T13:13:08 IST" duration-ms="1" status="PASS">
          <reporter-output>
          </reporter-output>
        </test-method> <!-- logout -->
        <test-method is-config="true" signature="alpha()[pri:0, instance:Amazonfram.Assertions@3e2e18f2]" started-at="2022-05-24T13:13:08 IST" name="alpha" finished-at="2022-05-24T13:13:08 IST" duration-ms="1" status="PASS">
          <reporter-output>
          </reporter-output>
        </test-method> <!-- alpha -->
        <test-method signature="testB()[pri:0, instance:Amazonfram.Assertions@3e2e18f2]" started-at="2022-05-24T13:13:08 IST" name="testB" finished-at="2022-05-24T13:13:08 IST" duration-ms="1" status="PASS">
          <reporter-output>
          </reporter-output>
        </test-method> <!-- testB -->
        <test-method is-config="true" signature="logout()[pri:0, instance:Amazonfram.Assertions@3e2e18f2]" started-at="2022-05-24T13:13:08 IST" name="logout" finished-at="2022-05-24T13:13:08 IST" duration-ms="0" status="PASS">
          <reporter-output>
          </reporter-output>
        </test-method> <!-- logout -->
        <test-method is-config="true" signature="afterclass()[pri:0, instance:Amazonfram.Assertions@3e2e18f2]" started-at="2022-05-24T13:13:08 IST" name="afterclass" finished-at="2022-05-24T13:13:08 IST" duration-ms="1" status="PASS">
          <reporter-output>
          </reporter-output>
        </test-method> <!-- afterclass -->
      </class> <!-- Amazonfram.Assertions -->
    </test> <!-- Test1 -->
  </suite> <!-- SuiteAmazon2 -->
</testng-results>
