<?xml version="1.0" encoding="UTF-8"?>
<!-- Generated by org.testng.reporters.JUnitXMLReporter -->
<testsuite ignored="0" hostname="DESKTOP-9E7DCEV" failures="0" tests="4" name="Test1" time="0.079" errors="0" timestamp="2022-05-24T13:13:08 IST">
  <testcase classname="Amazonfram.Assertions" name="testA" time="0.005"/>
  <testcase classname="Amazonfram.Assertions" name="testB" time="0.001"/>
  <testcase classname="Amazonfram.Keywords$Assertions" name="test" time="0.001"/>
  <testcase classname="Amazonfram.Keywords$Assertions" name="test1" time="0.001"/>
</testsuite> <!-- Test1 -->
